Arguments: 
  /usr/local/bin/node /usr/local/bin/yarn add @type/chrome

PATH: 
  /usr/local/bin:/usr/bin:/bin:/usr/sbin:/sbin:/usr/local/go/bin:/Library/Apple/usr/bin

Yarn version: 
  1.22.10

Node version: 
  12.22.4

Platform: 
  darwin x64

Trace: 
  Error: http://r.cnpmjs.org/@type%2fchrome: [not_found] document not found
      at Request.params.callback [as _callback] (/usr/local/lib/node_modules/yarn/lib/cli.js:66988:18)
      at Request.self.callback (/usr/local/lib/node_modules/yarn/lib/cli.js:140662:22)
      at Request.emit (events.js:314:20)
      at Request.<anonymous> (/usr/local/lib/node_modules/yarn/lib/cli.js:141634:10)
      at Request.emit (events.js:314:20)
      at IncomingMessage.<anonymous> (/usr/local/lib/node_modules/yarn/lib/cli.js:141556:12)
      at Object.onceWrapper (events.js:420:28)
      at IncomingMessage.emit (events.js:326:22)
      at endReadableNT (_stream_readable.js:1241:12)
      at processTicksAndRejections (internal/process/task_queues.js:84:21)

npm manifest: 
  {
    "name": "base-eac-visual",
    "version": "1.0.0",
    "description": "q7 eca rules visual",
    "main": "background.js",
    "scripts": {
      "test": "echo \"Error: no test specified\" && exit 1"
    },
    "author": "EvanYY",
    "license": "ISC",
    "devDependencies": {
      "echarts": "^5.2.2"
    }
  }

yarn manifest: 
  No manifest

Lockfile: 
  # THIS IS AN AUTOGENERATED FILE. DO NOT EDIT THIS FILE DIRECTLY.
  # yarn lockfile v1
  
  
  echarts@^5.2.2:
    version "5.2.2"
    resolved "https://r.cnpmjs.org/echarts/download/echarts-5.2.2.tgz#ec3c8b2a151cbba71ba3c2c7cf9b2f2047ce4370"
    integrity sha1-7DyLKhUcu6cbo8LHz5svIEfOQ3A=
    dependencies:
      tslib "2.3.0"
      zrender "5.2.1"
  
  tslib@2.3.0:
    version "2.3.0"
    resolved "https://r.cnpmjs.org/tslib/download/tslib-2.3.0.tgz#803b8cdab3e12ba581a4ca41c8839bbb0dacb09e"
    integrity sha1-gDuM2rPhK6WBpMpByIObuw2ssJ4=
  
  zrender@5.2.1:
    version "5.2.1"
    resolved "https://r.cnpmjs.org/zrender/download/zrender-5.2.1.tgz#5f4bbda915ba6d412b0b19dc2431beaad05417bb"
    integrity sha1-X0u9qRW6bUErCxncJDG+qtBUF7s=
    dependencies:
      tslib "2.3.0"
